[debug] [2023-09-14T13:40:43.978Z] ----------------------------------------------------------------------
[debug] [2023-09-14T13:40:43.981Z] Command:       /home/kuldeep/.nvm/versions/node/v18.17.1/bin/node /home/kuldeep/.nvm/versions/node/v18.17.1/bin/firebase init
[debug] [2023-09-14T13:40:43.981Z] CLI Version:   12.5.4
[debug] [2023-09-14T13:40:43.981Z] Platform:      linux
[debug] [2023-09-14T13:40:43.981Z] Node Version:  v18.17.1
[debug] [2023-09-14T13:40:43.981Z] Time:          Thu Sep 14 2023 19:10:43 GMT+0530 (India Standard Time)
[debug] [2023-09-14T13:40:43.982Z] ----------------------------------------------------------------------
[debug] 
[debug] [2023-09-14T13:40:43.986Z] > command requires scopes: ["email","openid","https://www.googleapis.com/auth/cloudplatformprojects.readonly","https://www.googleapis.com/auth/firebase","https://www.googleapis.com/auth/cloud-platform"]
[debug] [2023-09-14T13:40:43.986Z] > authorizing via signed-in user (fashinbuzz@gmail.com)
[info] 
     ######## #### ########  ######## ########     ###     ######  ########
     ##        ##  ##     ## ##       ##     ##  ##   ##  ##       ##
     ######    ##  ########  ######   ########  #########  ######  ######
     ##        ##  ##    ##  ##       ##     ## ##     ##       ## ##
     ##       #### ##     ## ######## ########  ##     ##  ######  ########

You're about to initialize a Firebase project in this directory:

  /home/kuldeep/Hanumandada/Textile/FabricFusion3/Fabric-Fusion/frontend

[info] 
=== Project Setup
[info] 
[info] First, let's associate this project directory with a Firebase project.
[info] You can create multiple project aliases by running firebase use --add, 
[info] but for now we'll just set up a default project.
[info] 
[debug] [2023-09-14T13:42:42.106Z] >>> [apiv2][query] GET https://firebase.googleapis.com/v1beta1/projects pageSize=100
[debug] [2023-09-14T13:42:42.887Z] <<< [apiv2][status] GET https://firebase.googleapis.com/v1beta1/projects 200
[debug] [2023-09-14T13:42:42.888Z] <<< [apiv2][body] GET https://firebase.googleapis.com/v1beta1/projects [omitted]
